是否重新加载日初持仓数据? (y/n): 配置文件 config/default_config.yaml 加载成功
没有当前持仓数据可归档
期初持仓文件转换完成: position_data/positions_init.json
配置文件 config/default_config.yaml 加载成功
使用逐笔数据目录: tick_data
没有当前持仓文件，从期初持仓文件加载...
加载期初持仓: 7 个持仓
从期初持仓文件加载成功: 7 个持仓
持仓初始化完成，总持仓数: 7
加载了 0 条历史成交记录
策略初始化完成: T0Reversion
真实数据交易系统初始化成功
预先加载监控股票K线历史数据: ['002466.SZ', '601899.SH', '300454.SZ', '300677.SZ', '600938.SH', '000333.SZ', '300115.SZ']
002466.SZ 在 20260108 无交易时间内的数据
601899.SH 在 20260108 无交易时间内的数据
300454.SZ 在 20260108 无交易时间内的数据
300677.SZ 在 20260108 无交易时间内的数据
600938.SH 在 20260108 无交易时间内的数据
000333.SZ 在 20260108 无交易时间内的数据
300115.SZ 在 20260108 无交易时间内的数据
设置监控股票: ['002466.SZ', '601899.SH', '300454.SZ', '300677.SZ', '600938.SH', '000333.SZ', '300115.SZ']
开始交易: ['002466.SZ', '601899.SH', '300454.SZ', '300677.SZ', '600938.SH', '000333.SZ', '300115.SZ'] 策略 T0Reversion 置信度阈值: 0.5 数据源: realtime 
Killed
